{"/home/runner/work/mini-attestation-poc/mini-attestation-poc/src/premiumService.js": {"path":"/home/runner/work/mini-attestation-poc/mini-attestation-poc/src/premiumService.js","statementMap":{"0":{"start":{"line":1,"column":27},"end":{"line":1,"column":49}},"1":{"start":{"line":18,"column":45},"end":{"line":18,"column":51}},"2":{"start":{"line":23,"column":15},"end":{"line":23,"column":48}},"3":{"start":{"line":24,"column":2},"end":{"line":24,"column":52}},"4":{"start":{"line":27,"column":0},"end":{"line":27,"column":49}}},"fnMap":{"0":{"name":"calculateProvisionalPremium","decl":{"start":{"line":17,"column":9},"end":{"line":17,"column":36}},"loc":{"start":{"line":17,"column":45},"end":{"line":25,"column":1}},"line":17}},"branchMap":{},"s":{"0":1,"1":3,"2":3,"3":3,"4":1},"f":{"0":3},"b":{},"_coverageSchema":"1a1c01bbd47fc00a2c39e90264f33305004495a9","hash":"75c9fa2d0787d20df11e29f14838060bf9d7cb7a"}
,"/home/runner/work/mini-attestation-poc/mini-attestation-poc/src/rateTable.js": {"path":"/home/runner/work/mini-attestation-poc/mini-attestation-poc/src/rateTable.js","statementMap":{"0":{"start":{"line":3,"column":21},"end":{"line":6,"column":1}},"1":{"start":{"line":9,"column":17},"end":{"line":9,"column":34}},"2":{"start":{"line":10,"column":21},"end":{"line":12,"column":56}},"3":{"start":{"line":11,"column":23},"end":{"line":11,"column":53}},"4":{"start":{"line":12,"column":20},"end":{"line":12,"column":55}},"5":{"start":{"line":14,"column":2},"end":{"line":16,"column":3}},"6":{"start":{"line":15,"column":4},"end":{"line":15,"column":62}},"7":{"start":{"line":17,"column":2},"end":{"line":17,"column":28}},"8":{"start":{"line":20,"column":0},"end":{"line":20,"column":50}}},"fnMap":{"0":{"name":"getRateForDate","decl":{"start":{"line":8,"column":9},"end":{"line":8,"column":23}},"loc":{"start":{"line":8,"column":33},"end":{"line":18,"column":1}},"line":8},"1":{"name":"(anonymous_1)","decl":{"start":{"line":11,"column":12},"end":{"line":11,"column":13}},"loc":{"start":{"line":11,"column":23},"end":{"line":11,"column":53}},"line":11},"2":{"name":"(anonymous_2)","decl":{"start":{"line":12,"column":10},"end":{"line":12,"column":11}},"loc":{"start":{"line":12,"column":20},"end":{"line":12,"column":55}},"line":12}},"branchMap":{"0":{"loc":{"start":{"line":14,"column":2},"end":{"line":16,"column":3}},"type":"if","locations":[{"start":{"line":14,"column":2},"end":{"line":16,"column":3}},{"start":{},"end":{}}],"line":14}},"s":{"0":1,"1":3,"2":3,"3":6,"4":1,"5":3,"6":0,"7":3,"8":1},"f":{"0":3,"1":6,"2":1},"b":{"0":[0,3]},"_coverageSchema":"1a1c01bbd47fc00a2c39e90264f33305004495a9","hash":"dae29529638da5a5130aca804b1a8e4c287e3b0f"}
}
